  Trailblazer.cpp
  TrailblazerCosts.cpp
  TrailblazerGraphics.cpp
D:\Uni\Abstractions\Assignments\ass7\Pathfinding\Trailblazer\Trailblazer\TrailblazerGraphics.cpp(234,36): warning C4244: 'argument': conversion from 'double' to 'int', possible loss of data
D:\Uni\Abstractions\Assignments\ass7\Pathfinding\Trailblazer\Trailblazer\TrailblazerGraphics.cpp(234,19): warning C4244: 'argument': conversion from 'double' to 'int', possible loss of data
D:\Uni\Abstractions\Assignments\ass7\Pathfinding\Trailblazer\Trailblazer\TrailblazerGraphics.cpp(234,16): warning C4244: 'argument': conversion from 'double' to 'int', possible loss of data
D:\Uni\Abstractions\Assignments\ass7\Pathfinding\Trailblazer\Trailblazer\TrailblazerGraphics.cpp(234,13): warning C4244: 'argument': conversion from 'double' to 'int', possible loss of data
D:\Uni\Abstractions\Assignments\ass7\Pathfinding\Trailblazer\Trailblazer\TrailblazerGraphics.cpp(541,35): warning C4244: 'argument': conversion from 'double' to 'int', possible loss of data
D:\Uni\Abstractions\Assignments\ass7\Pathfinding\Trailblazer\Trailblazer\TrailblazerGraphics.cpp(541,18): warning C4244: 'argument': conversion from 'double' to 'int', possible loss of data
D:\Uni\Abstractions\Assignments\ass7\Pathfinding\Trailblazer\Trailblazer\TrailblazerGraphics.cpp(541,15): warning C4244: 'argument': conversion from 'double' to 'int', possible loss of data
D:\Uni\Abstractions\Assignments\ass7\Pathfinding\Trailblazer\Trailblazer\TrailblazerGraphics.cpp(541,12): warning C4244: 'argument': conversion from 'double' to 'int', possible loss of data
  TrailblazerTypes.cpp
  WorldGenerator.cpp
  Generating Code...
D:\Uni\Abstractions\Assignments\ass7\Pathfinding\Trailblazer\Trailblazer\TrailblazerGraphics.cpp(474,1): warning C4715: 'getAlgorithmType': not all control paths return a value
D:\Uni\Abstractions\Assignments\ass7\Pathfinding\Trailblazer\Trailblazer\TrailblazerGraphics.cpp(458,1): warning C4715: 'getWorldSize': not all control paths return a value
StanfordCPPLib-vs2022.lib(error.obj) : warning LNK4099: PDB '' was not found with 'StanfordCPPLib-vs2022.lib(error.obj)' or at ''; linking object as if no debug info
StanfordCPPLib-vs2022.lib(random.obj) : warning LNK4099: PDB '' was not found with 'StanfordCPPLib-vs2022.lib(random.obj)' or at ''; linking object as if no debug info
StanfordCPPLib-vs2022.lib(strlib.obj) : warning LNK4099: PDB '' was not found with 'StanfordCPPLib-vs2022.lib(strlib.obj)' or at ''; linking object as if no debug info
StanfordCPPLib-vs2022.lib(gwindow.obj) : warning LNK4099: PDB '' was not found with 'StanfordCPPLib-vs2022.lib(gwindow.obj)' or at ''; linking object as if no debug info
StanfordCPPLib-vs2022.lib(platform.obj) : warning LNK4099: PDB '' was not found with 'StanfordCPPLib-vs2022.lib(platform.obj)' or at ''; linking object as if no debug info
StanfordCPPLib-vs2022.lib(gobjects.obj) : warning LNK4099: PDB '' was not found with 'StanfordCPPLib-vs2022.lib(gobjects.obj)' or at ''; linking object as if no debug info
StanfordCPPLib-vs2022.lib(gevents.obj) : warning LNK4099: PDB '' was not found with 'StanfordCPPLib-vs2022.lib(gevents.obj)' or at ''; linking object as if no debug info
StanfordCPPLib-vs2022.lib(ginteractors.obj) : warning LNK4099: PDB '' was not found with 'StanfordCPPLib-vs2022.lib(ginteractors.obj)' or at ''; linking object as if no debug info
StanfordCPPLib-vs2022.lib(filelib.obj) : warning LNK4099: PDB '' was not found with 'StanfordCPPLib-vs2022.lib(filelib.obj)' or at ''; linking object as if no debug info
StanfordCPPLib-vs2022.lib(startup.obj) : warning LNK4099: PDB '' was not found with 'StanfordCPPLib-vs2022.lib(startup.obj)' or at ''; linking object as if no debug info
StanfordCPPLib-vs2022.lib(gtypes.obj) : warning LNK4099: PDB '' was not found with 'StanfordCPPLib-vs2022.lib(gtypes.obj)' or at ''; linking object as if no debug info
StanfordCPPLib-vs2022.lib(gmath.obj) : warning LNK4099: PDB '' was not found with 'StanfordCPPLib-vs2022.lib(gmath.obj)' or at ''; linking object as if no debug info
StanfordCPPLib-vs2022.lib(gtimer.obj) : warning LNK4099: PDB '' was not found with 'StanfordCPPLib-vs2022.lib(gtimer.obj)' or at ''; linking object as if no debug info
StanfordCPPLib-vs2022.lib(hashmap.obj) : warning LNK4099: PDB '' was not found with 'StanfordCPPLib-vs2022.lib(hashmap.obj)' or at ''; linking object as if no debug info
StanfordCPPLib-vs2022.lib(tokenscanner.obj) : warning LNK4099: PDB '' was not found with 'StanfordCPPLib-vs2022.lib(tokenscanner.obj)' or at ''; linking object as if no debug info
  Trailblazer.vcxproj -> D:\Uni\Abstractions\Assignments\ass7\Pathfinding\Trailblazer\x64\Debug\Trailblazer.exe
